

times in msec
 clock   self+sourced   self:  sourced script
 clock   elapsed:              other lines

000.015  000.015: --- NVIM STARTING ---
000.056  000.041: event init
000.157  000.101: early init
016.188  016.031: locale set
016.245  000.057: init first window
016.859  000.615: inits 1
016.913  000.054: window checked
016.926  000.013: parsing arguments
020.622  000.216  000.216: require('vim.shared')
021.185  000.267  000.267: require('vim._options')
021.194  000.563  000.296: require('vim._editor')
021.198  000.878  000.098: require('vim._init_packages')
021.215  003.411: init lua interpreter
021.606  000.391: expanding arguments
021.641  000.036: inits 2
022.159  000.518: init highlight
022.165  000.006: waiting for UI
022.315  000.149: done waiting for UI
022.321  000.006: clear screen
022.512  000.191: init default mappings & autocommands
026.017  000.095  000.095: sourcing C:\Program Files\Neovim\share\nvim\runtime\ftplugin.vim
026.691  000.057  000.057: sourcing C:\Program Files\Neovim\share\nvim\runtime\indent.vim
041.236  000.076  000.076: require('vim.keymap')
041.297  005.231  005.154: require('jarred.remap')
041.303  009.227  003.997: require('jarred')
041.364  009.440  000.212: sourcing C:\Users\usxxjc02\AppData\Local\nvim\init.lua
041.429  009.326: sourcing vimrc file(s)
047.576  000.071  000.071: sourcing C:\Users\usxxjc02\AppData\Local\nvim-data\site\pack\packer\start\vim-fugitive\ftdetect\fugitive.vim
048.544  005.917  005.846: sourcing C:\Program Files\Neovim\share\nvim\runtime\filetype.lua
049.803  000.113  000.113: sourcing C:\Program Files\Neovim\share\nvim\runtime\syntax\synload.vim
051.062  002.058  001.945: sourcing C:\Program Files\Neovim\share\nvim\runtime\syntax\syntax.vim
055.210  000.343  000.343: sourcing C:\Program Files\Neovim\share\nvim\runtime\plugin\gzip.vim
055.657  000.073  000.073: sourcing C:\Program Files\Neovim\share\nvim\runtime\plugin\health.vim
057.602  000.343  000.343: sourcing C:\Program Files\Neovim\share\nvim\runtime\pack\dist\opt\matchit\plugin\matchit.vim
057.871  001.859  001.516: sourcing C:\Program Files\Neovim\share\nvim\runtime\plugin\matchit.vim
058.317  000.235  000.235: sourcing C:\Program Files\Neovim\share\nvim\runtime\plugin\matchparen.vim
059.380  000.781  000.781: sourcing C:\Program Files\Neovim\share\nvim\runtime\plugin\netrwPlugin.vim
065.118  000.124  000.124: sourcing C:\Users\usxxjc02\AppData\Local\nvim-data/rplugin.vim
065.211  005.458  005.334: sourcing C:\Program Files\Neovim\share\nvim\runtime\plugin\rplugin.vim
065.725  000.118  000.118: sourcing C:\Program Files\Neovim\share\nvim\runtime\plugin\shada.vim
066.037  000.104  000.104: sourcing C:\Program Files\Neovim\share\nvim\runtime\plugin\spellfile.vim
066.642  000.313  000.313: sourcing C:\Program Files\Neovim\share\nvim\runtime\plugin\tarPlugin.vim
067.151  000.133  000.133: sourcing C:\Program Files\Neovim\share\nvim\runtime\plugin\tohtml.vim
067.410  000.054  000.054: sourcing C:\Program Files\Neovim\share\nvim\runtime\plugin\tutor.vim
067.772  000.172  000.172: sourcing C:\Program Files\Neovim\share\nvim\runtime\plugin\zipPlugin.vim
089.502  011.220  011.220: require('Comment')
094.938  005.417  005.417: require('Comment.config')
113.972  005.836  005.836: require('Comment.ft')
113.991  012.256  006.420: require('Comment.utils')
120.103  006.108  006.108: require('Comment.opfunc')
125.114  005.000  005.000: require('Comment.extra')
125.132  030.177  006.814: require('Comment.api')
125.342  048.801  001.988: sourcing C:\Users\usxxjc02\AppData\Local\nvim\plugin\packer_compiled.lua
126.725  000.254  000.254: sourcing C:\Program Files\Neovim\share\nvim\runtime\plugin\editorconfig.lua
127.257  000.159  000.159: sourcing C:\Program Files\Neovim\share\nvim\runtime\plugin\man.lua
127.654  000.113  000.113: sourcing C:\Program Files\Neovim\share\nvim\runtime\plugin\nvim.lua
127.720  019.342: loading rtp plugins
135.671  000.486  000.486: sourcing C:\Users\usxxjc02\AppData\Local\nvim-data\site\pack\packer\start\Comment.nvim\plugin\Comment.lua
151.950  001.337  001.337: require('vim.lsp.log')
153.064  001.103  001.103: require('vim.lsp.protocol')
155.557  000.924  000.924: require('vim.lsp._snippet')
156.359  000.794  000.794: require('vim.highlight')
156.383  000.016  000.016: require('vim.F')
156.402  003.239  001.505: require('vim.lsp.util')
156.417  007.119  001.441: require('vim.lsp.handlers')
157.602  001.181  001.181: require('vim.lsp.rpc')
158.507  000.898  000.898: require('vim.lsp.sync')
159.573  001.058  001.058: require('vim.lsp.semantic_tokens')
160.696  001.116  001.116: require('vim.lsp.buf')
161.519  000.816  000.816: require('vim.lsp.diagnostic')
162.341  000.814  000.814: require('vim.lsp.codelens')
162.374  015.570  002.567: require('vim.lsp')
164.220  001.842  001.842: require('vim.diagnostic')
164.249  023.626  006.213: require('lsp-zero.setup')
164.256  023.752  000.127: sourcing C:\Users\usxxjc02\AppData\Local\nvim-data\site\pack\packer\start\lsp-zero.nvim\plugin\lsp-zero.lua
169.899  000.117  000.117: sourcing C:\Users\usxxjc02\AppData\Local\nvim-data\site\pack\packer\start\LuaSnip\plugin\luasnip.vim
180.008  001.684  001.684: require('vim.filetype')
196.240  004.091  004.091: require('luasnip.util.types')
196.257  009.498  005.407: require('luasnip.util.ext_opts')
211.961  004.339  004.339: require('luasnip.util.lazy_table')
216.955  004.978  004.978: require('luasnip.extras.filetype_functions')
216.999  015.723  006.405: require('luasnip.default_config')
217.007  020.746  005.024: require('luasnip.session')
217.016  036.717  006.473: require('luasnip.config')
230.483  006.839  006.839: require('luasnip.util.util')
240.805  004.471  004.471: require('luasnip.nodes.key_indexer')
240.830  010.331  005.860: require('luasnip.nodes.util')
250.864  004.193  004.193: require('luasnip.session.snippet_collection.source')
254.811  003.931  003.931: require('luasnip.util.table')
260.001  005.175  005.175: require('luasnip.util.auto_table')
260.026  019.189  005.889: require('luasnip.session.snippet_collection')
276.674  004.968  004.968: require('luasnip.util.select')
280.885  004.193  004.193: require('luasnip.util.time')
281.064  015.623  006.462: require('luasnip.util._builtin_vars')
281.351  000.276  000.276: require('vim.inspect')
281.438  021.406  005.507: require('luasnip.util.environ')
287.058  005.614  005.614: require('luasnip.util.extend_decorator')
298.979  006.355  006.355: require('luasnip.util.path')
310.357  005.599  005.599: require('luasnip.util.log')
310.375  011.382  005.783: require('luasnip.loaders.util')
314.384  004.002  004.002: require('luasnip.loaders.data')
321.648  007.251  007.251: require('luasnip.loaders.fs_watchers')
321.688  034.619  005.630: require('luasnip.loaders')
321.749  104.705  006.707: require('luasnip')
321.811  143.781  000.675: sourcing C:\Users\usxxjc02\AppData\Local\nvim-data\site\pack\packer\start\LuaSnip\plugin\luasnip.lua
335.569  006.876  006.876: require('cmp.utils.api')
345.497  005.532  005.532: require('cmp.types.cmp')
358.270  006.208  006.208: require('cmp.utils.misc')
358.300  012.787  006.580: require('cmp.types.lsp')
362.421  004.114  004.114: require('cmp.types.vim')
362.436  026.852  004.419: require('cmp.types')
367.140  004.697  004.697: require('cmp.utils.highlight')
377.049  004.319  004.319: require('cmp.utils.debug')
377.085  009.933  005.614: require('cmp.utils.autocmd')
377.572  049.152  000.793: sourcing C:\Users\usxxjc02\AppData\Local\nvim-data\site\pack\packer\start\nvim-cmp\plugin\cmp.lua
383.834  000.251  000.251: sourcing C:\Users\usxxjc02\AppData\Local\nvim-data\site\pack\packer\start\nvim-lspconfig\plugin\lspconfig.lua
410.693  009.307  009.307: require('nvim-treesitter.utils')
425.133  000.875  000.875: require('vim.treesitter.language')
425.151  002.013  001.137: require('vim.treesitter.query')
425.987  000.832  000.832: require('vim.treesitter._range')
426.002  004.140  001.295: require('vim.treesitter.languagetree')
426.012  005.342  001.203: require('vim.treesitter')
428.472  017.754  012.412: require('nvim-treesitter.parsers')
458.309  005.995  005.995: require('nvim-treesitter.compat')
473.381  007.734  007.734: require('nvim-treesitter.ts_utils')
473.485  015.160  007.426: require('nvim-treesitter.tsrange')
480.072  006.580  006.580: require('nvim-treesitter.caching')
480.098  035.767  008.032: require('nvim-treesitter.query')
480.124  043.749  007.982: require('nvim-treesitter.configs')
480.132  051.651  007.902: require('nvim-treesitter.info')
487.322  007.186  007.186: require('nvim-treesitter.shell_command_selectors')
487.373  093.933  008.035: require('nvim-treesitter.install')
493.482  006.103  006.103: require('nvim-treesitter.statusline')
500.240  006.744  006.744: require('nvim-treesitter.query_predicates')
500.272  111.089  004.309: require('nvim-treesitter')
501.405  112.407  001.318: sourcing C:\Users\usxxjc02\AppData\Local\nvim-data\site\pack\packer\start\nvim-treesitter\plugin\nvim-treesitter.lua
506.877  000.132  000.132: sourcing C:\Users\usxxjc02\AppData\Local\nvim-data\site\pack\packer\start\plenary.nvim\plugin\plenary.vim
514.137  000.878  000.878: sourcing C:\Users\usxxjc02\AppData\Local\nvim-data\site\pack\packer\start\telescope.nvim\plugin\telescope.lua
521.945  000.359  000.359: sourcing C:\Users\usxxjc02\AppData\Local\nvim-data\site\pack\packer\start\undotree\plugin\undotree.vim
538.252  002.110  002.110: sourcing C:\Users\usxxjc02\AppData\Local\nvim-data\site\pack\packer\start\vim-fugitive\plugin\fugitive.vim
538.752  077.606: loading packages
575.644  007.113  007.113: require('cmp.utils.char')
575.685  014.749  007.636: require('cmp.utils.str')
595.195  005.406  005.406: require('cmp.utils.buffer')
595.217  013.518  008.112: require('cmp.utils.keymap')
595.224  019.530  006.012: require('cmp.utils.feedkeys')
619.067  008.035  008.035: require('cmp.config.mapping')
625.117  006.034  006.034: require('cmp.utils.cache')
638.795  006.525  006.525: require('cmp.config.compare')
638.810  013.672  007.147: require('cmp.config.default')
638.848  035.485  007.744: require('cmp.config')
638.875  043.647  008.162: require('cmp.utils.async')
651.707  005.402  005.402: require('cmp.utils.pattern')
651.733  012.854  007.452: require('cmp.context')
672.277  006.498  006.498: require('cmp.utils.snippet')
679.341  007.046  007.046: require('cmp.matcher')
679.368  020.316  006.771: require('cmp.entry')
679.385  027.645  007.329: require('cmp.source')
691.463  005.391  005.391: require('cmp.utils.event')
709.828  005.460  005.460: require('cmp.utils.options')
709.853  011.621  006.161: require('cmp.utils.window')
709.861  018.379  006.758: require('cmp.view.docs_view')
716.253  006.386  006.386: require('cmp.view.custom_entries_view')
722.031  005.767  005.767: require('cmp.view.wildmenu_entries_view')
728.412  006.371  006.371: require('cmp.view.native_entries_view')
734.056  005.630  005.630: require('cmp.view.ghost_text_view')
734.075  054.684  006.760: require('cmp.view')
734.729  182.047  008.938: require('cmp.core')
739.690  004.846  004.846: require('cmp.config.sources')
744.392  004.691  004.691: require('cmp.config.window')
744.477  199.824  008.240: require('cmp')
764.086  005.041  005.041: require('cmp_buffer.timer')
764.102  010.808  005.767: require('cmp_buffer.buffer')
764.109  016.075  005.267: require('cmp_buffer.source')
764.113  019.632  003.557: require('cmp_buffer')
764.149  219.755  000.299: sourcing C:\Users\usxxjc02\AppData\Local\nvim-data\site\pack\packer\start\cmp-buffer\after\plugin\cmp_buffer.lua
779.446  006.144  006.144: require('cmp_nvim_lsp.source')
779.475  011.461  005.316: require('cmp_nvim_lsp')
779.526  011.677  000.216: sourcing C:\Users\usxxjc02\AppData\Local\nvim-data\site\pack\packer\start\cmp-nvim-lsp\after\plugin\cmp_nvim_lsp.lua
789.361  005.718  005.718: require('cmp_nvim_lua')
789.453  005.959  000.241: sourcing C:\Users\usxxjc02\AppData\Local\nvim-data\site\pack\packer\start\cmp-nvim-lua\after\plugin\cmp_nvim_lua.lua
799.794  006.059  006.059: require('cmp_path')
799.831  006.260  000.201: sourcing C:\Users\usxxjc02\AppData\Local\nvim-data\site\pack\packer\start\cmp-path\after\plugin\cmp_path.lua
810.722  006.112  006.112: require('cmp_luasnip')
810.806  006.333  000.221: sourcing C:\Users\usxxjc02\AppData\Local\nvim-data\site\pack\packer\start\cmp_luasnip\after\plugin\cmp_luasnip.lua
830.138  007.761  007.761: require('onedark')
849.928  005.301  005.301: require('onedark.palette')
850.031  010.123  004.822: require('onedark.colors')
855.773  005.731  005.731: require('onedark.util')
855.928  024.594  008.740: require('onedark.highlights')
864.711  005.358  005.358: require('onedark.terminal')
864.739  042.704  004.991: sourcing C:\Users\usxxjc02\AppData\Local\nvim-data\site\pack\packer\start\onedark.nvim\colors\onedark.lua
865.303  050.064  007.359: sourcing C:\Users\usxxjc02\AppData\Local\nvim\after\plugin\colors.lua
869.139  000.286  000.286: sourcing C:\Users\usxxjc02\AppData\Local\nvim\after\plugin\comment.lua
899.168  007.098  007.098: require('plenary.bit')
905.241  006.054  006.054: require('plenary.functional')
905.291  020.181  007.029: require('plenary.path')
922.087  004.357  004.357: require('plenary.compat')
922.113  011.287  006.930: require('plenary.job')
922.127  016.829  005.542: require('harpoon.utils')
933.583  006.269  006.269: require('plenary.log')
933.700  011.566  005.297: require('harpoon.dev')
939.339  059.972  011.395: require('harpoon')
939.376  066.167  006.195: require('harpoon.mark')
962.413  005.964  005.964: require('plenary.strings')
962.432  011.360  005.397: require('plenary.window.border')
967.066  004.626  004.626: require('plenary.window')
971.843  004.763  004.763: require('plenary.popup.utils')
971.863  027.095  006.345: require('plenary.popup')
971.883  032.500  005.405: require('harpoon.ui')
972.042  099.010  000.343: sourcing C:\Users\usxxjc02\AppData\Local\nvim\after\plugin\harpoon.lua
990.475  006.847  006.847: require('lsp-zero.server')
1003.065  006.644  006.644: require('lspconfig.util')
1010.686  007.603  007.603: require('lspconfig.async')
1010.716  020.223  005.975: require('lspconfig.configs')
1017.231  006.313  006.313: require('lsp-zero.cmp')
1024.939  006.993  006.993: require('lsp-zero.api')
1024.962  046.768  006.393: require('lsp-zero')
1035.621  005.697  005.697: require('mason-core.path')
1050.516  006.854  006.854: require('mason-core.functional')
1062.217  004.638  004.638: require('mason-core.functional.data')
1062.240  011.535  006.897: require('mason-core.functional.function')
1067.579  005.254  005.254: require('mason-core.functional.relation')
1073.350  005.749  005.749: require('mason-core.functional.logic')
1073.444  037.809  008.416: require('mason-core.platform')
1079.605  006.153  006.153: require('mason.settings')
1079.619  054.648  004.989: require('mason')
1094.884  007.402  007.402: require('mason-core.functional.list')
1102.486  007.586  007.586: require('mason-core.functional.string')
1102.568  022.669  007.682: require('mason.api.command')
1109.757  007.177  007.177: require('mason-registry.sources')
1125.751  007.919  007.919: require('mason-core.log')
1131.984  006.218  006.218: require('mason-lspconfig.settings')
1132.010  022.157  008.020: require('mason-lspconfig')
1143.251  004.617  004.617: require('mason-lspconfig.notify')
1143.269  011.179  006.562: require('mason-lspconfig.lspconfig_hook')
1155.167  005.877  005.877: require('mason-core.functional.table')
1155.223  011.949  006.072: require('mason-lspconfig.mappings.server')
1168.187  006.044  006.044: require('mason-core.EventEmitter')
1174.655  006.449  006.449: require('mason-core.optional')
1187.872  006.620  006.620: require('mason-core.async')
1192.940  005.056  005.056: require('mason-core.async.uv')
1192.962  018.288  006.613: require('mason-core.fs')
1193.022  037.794  007.013: require('mason-registry')
1197.501  004.473  004.473: require('mason-lspconfig.server_config_extensions')
1204.813  005.657  005.657: require('mason-lspconfig.ensure_installed')
1218.357  006.209  006.209: require('mason-core.result')
1238.161  006.215  006.215: require('mason-core.process')
1258.374  020.197  020.197: require('mason-core.spawn')
1258.392  033.224  006.812: require('mason-core.managers.powershell')
1264.081  005.684  005.684: require('mason.version')
1264.121  045.744  006.836: require('mason-core.fetch')
1270.753  006.623  006.623: require('mason-core.providers')
1289.460  006.383  006.383: require('mason-core.purl')
1289.499  012.996  006.613: require('mason-core.package')
1309.988  006.280  006.280: require('mason-core.installer.registry.expr')
1310.024  012.875  006.595: require('mason-core.installer.registry.link')
1346.976  008.365  008.365: require('mason-core.receipt')
1347.171  015.985  007.619: require('mason-core.installer.context')
1355.344  008.162  008.162: require('mason-core.async.control')
1362.535  007.175  007.175: require('mason-core.installer.linker')
1362.565  038.451  007.130: require('mason-core.installer')
1362.740  046.510  008.060: require('mason-core.installer.managers.std')
1362.757  052.728  006.218: require('mason-core.installer.registry.schemas')
1369.704  006.942  006.942: require('mason-core.installer.registry.util')
1369.787  080.283  007.737: require('mason-core.installer.registry')
1369.794  099.026  005.747: require('mason-registry.sources.util')
1369.858  165.022  007.420: require('mason-registry.sources.github')
1411.699  007.394  007.394: require('mason-core.functional.number')
1411.756  015.858  008.464: require('mason-lspconfig.api.command')
1418.857  006.713  006.713: require('lspconfig')
1425.575  006.700  006.700: require('lspconfig.configs.lua_ls')
1457.175  006.940  006.940: require('lspconfig.manager')
1467.567  010.293  010.293: require('lspconfig.configs.rust_analyzer')
1476.262  006.511  006.511: require('lspconfig.configs.pylsp')
1484.639  007.354  007.354: require('mason-lspconfig.server_configurations.pylsp')
1491.579  006.656  006.656: require('lspconfig.configs.omnisharp')
1496.277  004.499  004.499: require('mason-lspconfig.server_configurations.omnisharp')
1504.384  007.325  007.325: require('lsp-zero.cmp-mapping')
1505.138  527.213  058.871: sourcing C:\Users\usxxjc02\AppData\Local\nvim\after\plugin\lsp.lua
1510.355  000.338  000.338: sourcing C:\Users\usxxjc02\AppData\Local\nvim\after\plugin\onedark.lua
1521.328  007.151  007.151: require('telescope.builtin')
1521.435  007.435  000.284: sourcing C:\Users\usxxjc02\AppData\Local\nvim\after\plugin\telescope.lua
1539.477  006.514  006.514: require('nvim-treesitter.highlight')
1539.586  013.167  006.652: sourcing C:\Users\usxxjc02\AppData\Local\nvim\after\plugin\treesitter.lua
1543.551  000.180  000.180: sourcing C:\Users\usxxjc02\AppData\Local\nvim\after\plugin\undotree.lua
1543.581  057.153: loading after plugins
1543.636  000.055: inits 3
1551.458  007.822: reading ShaDa
1565.228  006.051  006.051: require('luasnip.util.directed_graph')
1570.040  004.795  004.795: require('luasnip.session.enqueueable_operations')
1570.062  018.102  007.255: require('luasnip.loaders.from_lua')
1606.355  003.659  003.659: require('luasnip.util.events')
1606.384  009.696  006.036: require('luasnip.nodes.node')
1611.562  005.171  005.171: require('luasnip.nodes.insertNode')
1616.584  005.001  005.001: require('luasnip.nodes.textNode')
1622.032  005.432  005.432: require('luasnip.util.mark')
1626.667  004.621  004.621: require('luasnip.util.pattern_tokenizer')
1631.375  004.694  004.694: require('luasnip.util.dict')
1643.228  006.785  006.785: require('luasnip.util.jsregexp')
1643.240  011.848  005.063: require('luasnip.nodes.util.trig_engines')
1643.321  056.796  010.334: require('luasnip.nodes.snippet')
1643.328  062.266  005.470: require('luasnip.nodes.duplicate')
1643.332  067.517  005.252: require('luasnip.loaders.snippet_cache')
1643.344  073.271  005.754: require('luasnip.loaders.from_snipmate')
1673.388  005.579  005.579: require('luasnip.util.parser.neovim_ast')
1680.476  007.069  007.069: require('luasnip.util.str')
1683.123  002.623  002.623: require('luasnip.util.jsregexp')
1683.134  021.730  006.459: require('luasnip.util.parser.ast_utils')
1690.236  007.096  007.096: require('luasnip.nodes.functionNode')
1698.915  008.661  008.661: require('luasnip.nodes.choiceNode')
1707.230  008.301  008.301: require('luasnip.nodes.dynamicNode')
1714.341  007.092  007.092: require('luasnip.util.functions')
1714.410  059.502  006.622: require('luasnip.util.parser.ast_parser')
1721.610  007.194  007.194: require('luasnip.util.parser.neovim_parser')
1721.628  072.403  005.707: require('luasnip.util.parser')
1727.866  006.233  006.233: require('luasnip.nodes.snippetProxy')
1734.844  006.965  006.965: require('luasnip.util.jsonc')
1734.865  091.516  005.916: require('luasnip.loaders.from_vscode')
1734.893  000.545: opening buffers
1735.185  000.292: BufEnter autocommands
1735.192  000.007: editing files in windows
1741.782  006.439  006.439: require('mason-core.terminator')
1769.700  005.414  005.414: require('mason-core.functional.type')


times in msec
 clock   self+sourced   self:  sourced script
 clock   elapsed:              other lines

000.014  000.014: --- NVIM STARTING ---
000.061  000.046: event init
000.170  000.109: early init
015.537  015.367: locale set
015.619  000.083: init first window
016.855  001.236: inits 1
016.961  000.106: window checked
016.971  000.010: parsing arguments
020.296  000.196  000.196: require('vim.shared')
020.731  000.165  000.165: require('vim._options')
020.735  000.433  000.268: require('vim._editor')
020.738  000.712  000.083: require('vim._init_packages')
020.750  003.067: init lua interpreter
040.000  019.250: expanding arguments
040.042  000.042: inits 2
040.505  000.463: init highlight


times in msec
 clock   self+sourced   self:  sourced script
 clock   elapsed:              other lines

000.009  000.009: --- NVIM STARTING ---
000.046  000.037: event init
000.134  000.088: early init
012.667  012.533: locale set
012.715  000.048: init first window
013.224  000.509: inits 1
013.272  000.048: window checked
013.280  000.009: parsing arguments
017.282  000.287  000.287: require('vim.shared')
017.725  000.173  000.173: require('vim._options')
017.729  000.441  000.268: require('vim._editor')
017.732  000.879  000.151: require('vim._init_packages')
017.751  003.591: init lua interpreter
018.312  000.561: expanding arguments
018.363  000.051: inits 2
019.279  000.916: init highlight
019.288  000.009: waiting for UI
019.514  000.226: done waiting for UI
019.525  000.011: clear screen
019.721  000.197: init default mappings & autocommands
022.582  000.082  000.082: sourcing C:\Program Files\Neovim\share\nvim\runtime\ftplugin.vim
023.200  000.054  000.054: sourcing C:\Program Files\Neovim\share\nvim\runtime\indent.vim
023.906  000.060  000.060: require('vim.keymap')
023.931  000.208  000.148: require('jarred.remap')
023.934  000.346  000.137: require('jarred')
023.967  000.437  000.091: sourcing C:\Users\usxxjc02\AppData\Local\nvim\init.lua
024.000  003.705: sourcing vimrc file(s)
025.330  000.037  000.037: sourcing C:\Users\usxxjc02\AppData\Local\nvim-data\site\pack\packer\start\vim-fugitive\ftdetect\fugitive.vim
025.946  001.309  001.273: sourcing C:\Program Files\Neovim\share\nvim\runtime\filetype.lua
026.825  000.105  000.105: sourcing C:\Program Files\Neovim\share\nvim\runtime\syntax\synload.vim
027.916  001.700  001.594: sourcing C:\Program Files\Neovim\share\nvim\runtime\syntax\syntax.vim
031.474  000.275  000.275: sourcing C:\Program Files\Neovim\share\nvim\runtime\plugin\gzip.vim
031.609  000.032  000.032: sourcing C:\Program Files\Neovim\share\nvim\runtime\plugin\health.vim
032.864  000.339  000.339: sourcing C:\Program Files\Neovim\share\nvim\runtime\pack\dist\opt\matchit\plugin\matchit.vim
033.085  001.382  001.043: sourcing C:\Program Files\Neovim\share\nvim\runtime\plugin\matchit.vim
033.343  000.165  000.165: sourcing C:\Program Files\Neovim\share\nvim\runtime\plugin\matchparen.vim
033.918  000.474  000.474: sourcing C:\Program Files\Neovim\share\nvim\runtime\plugin\netrwPlugin.vim
034.457  000.037  000.037: sourcing C:\Users\usxxjc02\AppData\Local\nvim-data/rplugin.vim
034.475  000.433  000.396: sourcing C:\Program Files\Neovim\share\nvim\runtime\plugin\rplugin.vim
034.674  000.081  000.081: sourcing C:\Program Files\Neovim\share\nvim\runtime\plugin\shada.vim
034.831  000.046  000.046: sourcing C:\Program Files\Neovim\share\nvim\runtime\plugin\spellfile.vim
035.090  000.150  000.150: sourcing C:\Program Files\Neovim\share\nvim\runtime\plugin\tarPlugin.vim
035.321  000.120  000.120: sourcing C:\Program Files\Neovim\share\nvim\runtime\plugin\tohtml.vim
035.468  000.040  000.040: sourcing C:\Program Files\Neovim\share\nvim\runtime\plugin\tutor.vim
035.725  000.154  000.154: sourcing C:\Program Files\Neovim\share\nvim\runtime\plugin\zipPlugin.vim
041.051  004.220  004.220: require('Comment')
041.327  000.270  000.270: require('Comment.config')
042.333  000.345  000.345: require('Comment.ft')
042.343  000.721  000.376: require('Comment.utils')
042.659  000.313  000.313: require('Comment.opfunc')
042.943  000.278  000.278: require('Comment.extra')
042.949  001.616  000.304: require('Comment.api')
043.100  007.060  000.955: sourcing C:\Users\usxxjc02\AppData\Local\nvim\plugin\packer_compiled.lua
043.969  000.073  000.073: sourcing C:\Program Files\Neovim\share\nvim\runtime\plugin\editorconfig.lua
044.161  000.082  000.082: sourcing C:\Program Files\Neovim\share\nvim\runtime\plugin\man.lua
044.352  000.075  000.075: sourcing C:\Program Files\Neovim\share\nvim\runtime\plugin\nvim.lua
044.401  006.753: loading rtp plugins
046.564  000.215  000.215: sourcing C:\Users\usxxjc02\AppData\Local\nvim-data\site\pack\packer\start\Comment.nvim\plugin\Comment.lua
050.980  000.792  000.792: require('vim.lsp.log')
052.006  001.020  001.020: require('vim.lsp.protocol')
054.271  000.851  000.851: require('vim.lsp._snippet')
054.927  000.649  000.649: require('vim.highlight')
054.951  000.019  000.019: require('vim.F')
054.969  002.857  001.339: require('vim.lsp.util')
054.980  005.617  000.949: require('vim.lsp.handlers')
055.934  000.951  000.951: require('vim.lsp.rpc')
056.654  000.713  000.713: require('vim.lsp.sync')
057.546  000.886  000.886: require('vim.lsp.semantic_tokens')
058.538  000.986  000.986: require('vim.lsp.buf')
059.267  000.723  000.723: require('vim.lsp.diagnostic')
059.994  000.721  000.721: require('vim.lsp.codelens')
060.024  012.327  001.729: require('vim.lsp')
061.202  001.174  001.174: require('vim.diagnostic')
061.217  013.987  000.486: require('lsp-zero.setup')
061.221  014.043  000.056: sourcing C:\Users\usxxjc02\AppData\Local\nvim-data\site\pack\packer\start\lsp-zero.nvim\plugin\lsp-zero.lua
061.665  000.062  000.062: sourcing C:\Users\usxxjc02\AppData\Local\nvim-data\site\pack\packer\start\LuaSnip\plugin\luasnip.vim
063.209  001.156  001.156: require('vim.filetype')
064.631  000.340  000.340: require('luasnip.util.types')
064.638  000.749  000.409: require('luasnip.util.ext_opts')
066.190  000.476  000.476: require('luasnip.util.lazy_table')
066.716  000.517  000.517: require('luasnip.extras.filetype_functions')
066.736  001.662  000.668: require('luasnip.default_config')
066.741  002.100  000.439: require('luasnip.session')
066.747  003.298  000.449: require('luasnip.config')
068.058  000.534  000.534: require('luasnip.util.util')
069.098  000.383  000.383: require('luasnip.nodes.key_indexer')
069.109  001.044  000.661: require('luasnip.nodes.util')
070.019  000.359  000.359: require('luasnip.session.snippet_collection.source')
070.388  000.363  000.363: require('luasnip.util.table')
070.746  000.352  000.352: require('luasnip.util.auto_table')
070.753  001.641  000.567: require('luasnip.session.snippet_collection')
072.036  000.390  000.390: require('luasnip.util.select')
072.393  000.350  000.350: require('luasnip.util.time')
072.537  001.317  000.576: require('luasnip.util._builtin_vars')
072.681  000.140  000.140: require('vim.inspect')
072.713  001.956  000.500: require('luasnip.util.environ')
073.099  000.383  000.383: require('luasnip.util.extend_decorator')
074.082  000.555  000.555: require('luasnip.util.path')
075.127  000.598  000.598: require('luasnip.util.log')
075.135  001.048  000.450: require('luasnip.loaders.util')
075.492  000.353  000.353: require('luasnip.loaders.data')
076.055  000.558  000.558: require('luasnip.loaders.fs_watchers')
076.061  002.956  000.443: require('luasnip.loaders')
076.080  009.322  000.807: require('luasnip')
076.108  014.147  000.370: sourcing C:\Users\usxxjc02\AppData\Local\nvim-data\site\pack\packer\start\LuaSnip\plugin\luasnip.lua
077.348  000.468  000.468: require('cmp.utils.api')
078.207  000.428  000.428: require('cmp.types.cmp')
079.160  000.484  000.484: require('cmp.utils.misc')
079.187  000.975  000.491: require('cmp.types.lsp')
079.592  000.402  000.402: require('cmp.types.vim')
079.597  002.244  000.439: require('cmp.types')
080.021  000.421  000.421: require('cmp.utils.highlight')
080.850  000.403  000.403: require('cmp.utils.debug')
080.859  000.833  000.430: require('cmp.utils.autocmd')
081.060  004.271  000.305: sourcing C:\Users\usxxjc02\AppData\Local\nvim-data\site\pack\packer\start\nvim-cmp\plugin\cmp.lua
081.690  000.161  000.161: sourcing C:\Users\usxxjc02\AppData\Local\nvim-data\site\pack\packer\start\nvim-lspconfig\plugin\lspconfig.lua
084.010  000.579  000.579: require('nvim-treesitter.utils')
088.222  000.645  000.645: require('vim.treesitter.language')
088.233  001.474  000.829: require('vim.treesitter.query')
088.881  000.644  000.644: require('vim.treesitter._range')
088.890  002.987  000.869: require('vim.treesitter.languagetree')
088.895  003.774  000.787: require('vim.treesitter')
090.916  006.900  003.125: require('nvim-treesitter.parsers')
093.339  000.508  000.508: require('nvim-treesitter.compat')
094.548  000.666  000.666: require('nvim-treesitter.ts_utils')
094.602  001.256  000.589: require('nvim-treesitter.tsrange')
095.133  000.527  000.527: require('nvim-treesitter.caching')
095.146  002.943  000.652: require('nvim-treesitter.query')
095.163  003.665  000.722: require('nvim-treesitter.configs')
095.168  004.247  000.582: require('nvim-treesitter.info')
095.945  000.774  000.774: require('nvim-treesitter.shell_command_selectors')
095.972  013.313  000.813: require('nvim-treesitter.install')
096.478  000.502  000.502: require('nvim-treesitter.statusline')
097.149  000.666  000.666: require('nvim-treesitter.query_predicates')
097.155  014.972  000.491: require('nvim-treesitter')
097.768  015.648  000.675: sourcing C:\Users\usxxjc02\AppData\Local\nvim-data\site\pack\packer\start\nvim-treesitter\plugin\nvim-treesitter.lua
098.478  000.092  000.092: sourcing C:\Users\usxxjc02\AppData\Local\nvim-data\site\pack\packer\start\plenary.nvim\plugin\plenary.vim
099.323  000.306  000.306: sourcing C:\Users\usxxjc02\AppData\Local\nvim-data\site\pack\packer\start\telescope.nvim\plugin\telescope.lua
099.874  000.205  000.205: sourcing C:\Users\usxxjc02\AppData\Local\nvim-data\site\pack\packer\start\undotree\plugin\undotree.vim
101.850  001.446  001.446: sourcing C:\Users\usxxjc02\AppData\Local\nvim-data\site\pack\packer\start\vim-fugitive\plugin\fugitive.vim
102.225  007.229: loading packages
105.904  000.532  000.532: require('cmp.utils.char')
105.919  001.047  000.515: require('cmp.utils.str')
107.445  000.410  000.410: require('cmp.utils.buffer')
107.453  001.011  000.601: require('cmp.utils.keymap')
107.456  001.534  000.523: require('cmp.utils.feedkeys')
108.955  000.484  000.484: require('cmp.config.mapping')
109.374  000.412  000.412: require('cmp.utils.cache')
110.332  000.505  000.505: require('cmp.config.compare')
110.337  000.958  000.453: require('cmp.config.default')
110.358  002.372  000.518: require('cmp.config')
110.374  002.915  000.543: require('cmp.utils.async')
111.231  000.418  000.418: require('cmp.utils.pattern')
111.238  000.862  000.444: require('cmp.context')
112.959  000.562  000.562: require('cmp.utils.snippet')
113.460  000.496  000.496: require('cmp.matcher')
113.468  001.699  000.641: require('cmp.entry')
113.474  002.233  000.534: require('cmp.source')
114.396  000.417  000.417: require('cmp.utils.event')
116.079  000.711  000.711: require('cmp.utils.options')
116.088  001.231  000.520: require('cmp.utils.window')
116.092  001.690  000.459: require('cmp.view.docs_view')
116.732  000.638  000.638: require('cmp.view.custom_entries_view')
117.299  000.561  000.561: require('cmp.view.wildmenu_entries_view')
117.796  000.491  000.491: require('cmp.view.native_entries_view')
118.319  000.518  000.518: require('cmp.view.ghost_text_view')
118.331  004.854  000.539: require('cmp.view')
118.571  014.489  001.043: require('cmp.core')
119.085  000.449  000.449: require('cmp.config.sources')
119.512  000.422  000.422: require('cmp.config.window')
119.567  016.257  000.897: require('cmp')
120.206  000.126  000.126: require('cmp_buffer.timer')
120.213  000.370  000.244: require('cmp_buffer.buffer')
120.217  000.525  000.156: require('cmp_buffer.source')
120.220  000.650  000.125: require('cmp_buffer')
120.234  016.978  000.071: sourcing C:\Users\usxxjc02\AppData\Local\nvim-data\site\pack\packer\start\cmp-buffer\after\plugin\cmp_buffer.lua
121.017  000.198  000.198: require('cmp_nvim_lsp.source')
121.023  000.417  000.219: require('cmp_nvim_lsp')
121.042  000.487  000.069: sourcing C:\Users\usxxjc02\AppData\Local\nvim-data\site\pack\packer\start\cmp-nvim-lsp\after\plugin\cmp_nvim_lsp.lua
121.573  000.206  000.206: require('cmp_nvim_lua')
121.612  000.291  000.084: sourcing C:\Users\usxxjc02\AppData\Local\nvim-data\site\pack\packer\start\cmp-nvim-lua\after\plugin\cmp_nvim_lua.lua
122.251  000.301  000.301: require('cmp_path')
122.310  000.410  000.108: sourcing C:\Users\usxxjc02\AppData\Local\nvim-data\site\pack\packer\start\cmp-path\after\plugin\cmp_path.lua
122.983  000.322  000.322: require('cmp_luasnip')
123.017  000.416  000.094: sourcing C:\Users\usxxjc02\AppData\Local\nvim-data\site\pack\packer\start\cmp_luasnip\after\plugin\cmp_luasnip.lua
125.574  000.529  000.529: require('onedark')
128.299  000.563  000.563: require('onedark.palette')
128.374  001.127  000.564: require('onedark.colors')
128.913  000.535  000.535: require('onedark.util')
128.988  002.696  001.035: require('onedark.highlights')
132.558  000.585  000.585: require('onedark.terminal')
132.571  007.730  003.920: sourcing C:\Users\usxxjc02\AppData\Local\nvim-data\site\pack\packer\start\onedark.nvim\colors\onedark.lua
132.971  009.063  001.333: sourcing C:\Users\usxxjc02\AppData\Local\nvim\after\plugin\colors.lua
133.303  000.168  000.168: sourcing C:\Users\usxxjc02\AppData\Local\nvim\after\plugin\comment.lua
135.916  000.649  000.649: require('plenary.bit')
136.497  000.575  000.575: require('plenary.functional')
136.519  002.161  000.936: require('plenary.path')
138.149  000.558  000.558: require('plenary.compat')
138.160  001.322  000.764: require('plenary.job')
138.164  001.642  000.320: require('harpoon.utils')
139.226  000.727  000.727: require('plenary.log')
139.271  001.105  000.377: require('harpoon.dev')
140.070  006.108  001.201: require('harpoon')
140.084  006.576  000.468: require('harpoon.mark')
142.539  000.633  000.633: require('plenary.strings')
142.546  001.308  000.676: require('plenary.window.border')
143.100  000.551  000.551: require('plenary.window')
143.660  000.555  000.555: require('plenary.popup.utils')
143.667  003.167  000.752: require('plenary.popup')
143.674  003.586  000.419: require('harpoon.ui')
143.773  010.337  000.175: sourcing C:\Users\usxxjc02\AppData\Local\nvim\after\plugin\harpoon.lua
144.825  000.472  000.472: require('lsp-zero.server')
146.241  000.833  000.833: require('lspconfig.util')
146.768  000.519  000.519: require('lspconfig.async')
146.777  001.946  000.594: require('lspconfig.configs')
147.297  000.413  000.413: require('lsp-zero.cmp')
148.252  000.460  000.460: require('lsp-zero.api')
148.262  004.247  000.956: require('lsp-zero')
149.101  000.420  000.420: require('mason-core.path')
150.172  000.523  000.523: require('mason-core.functional')
151.162  000.394  000.394: require('mason-core.functional.data')
151.172  000.889  000.494: require('mason-core.functional.function')
151.625  000.417  000.417: require('mason-core.functional.relation')
152.053  000.410  000.410: require('mason-core.functional.logic')
152.073  002.966  000.728: require('mason-core.platform')
152.522  000.445  000.445: require('mason.settings')
152.527  004.261  000.429: require('mason')
153.796  000.516  000.516: require('mason-core.functional.list')
154.268  000.462  000.462: require('mason-core.functional.string')
154.312  001.653  000.675: require('mason.api.command')
154.796  000.475  000.475: require('mason-registry.sources')
155.784  000.525  000.525: require('mason-core.log')
156.156  000.367  000.367: require('mason-lspconfig.settings')
156.165  001.354  000.462: require('mason-lspconfig')
156.962  000.357  000.357: require('mason-lspconfig.notify')
156.969  000.794  000.437: require('mason-lspconfig.lspconfig_hook')
157.909  000.442  000.442: require('mason-core.functional.table')
157.953  000.981  000.539: require('mason-lspconfig.mappings.server')
158.879  000.414  000.414: require('mason-core.EventEmitter')
159.320  000.435  000.435: require('mason-core.optional')
160.304  000.504  000.504: require('mason-core.async')
160.701  000.391  000.391: require('mason-core.async.uv')
160.730  001.404  000.508: require('mason-core.fs')
160.762  002.805  000.552: require('mason-registry')
161.129  000.363  000.363: require('mason-lspconfig.server_config_extensions')
163.135  000.424  000.424: require('mason-lspconfig.ensure_installed')
164.190  000.499  000.499: require('mason-core.result')
165.858  000.694  000.694: require('mason-core.process')
177.666  011.802  011.802: require('mason-core.spawn')
177.681  012.978  000.482: require('mason-core.managers.powershell')
178.139  000.454  000.454: require('mason.version')
178.148  013.951  000.519: require('mason-core.fetch')
178.716  000.546  000.546: require('mason-core.providers')
180.421  000.644  000.644: require('mason-core.purl')
180.440  001.287  000.643: require('mason-core.package')
182.102  000.485  000.485: require('mason-core.installer.registry.expr')
182.122  001.096  000.611: require('mason-core.installer.registry.link')
185.051  000.562  000.562: require('mason-core.receipt')
185.148  001.432  000.870: require('mason-core.installer.context')
185.730  000.578  000.578: require('mason-core.async.control')
186.327  000.592  000.592: require('mason-core.installer.linker')
186.334  003.188  000.586: require('mason-core.installer')
186.399  003.823  000.635: require('mason-core.installer.managers.std')
186.416  004.291  000.468: require('mason-core.installer.registry.schemas')
186.939  000.520  000.520: require('mason-core.installer.registry.util')
186.989  006.545  000.639: require('mason-core.installer.registry')
186.993  008.270  000.437: require('mason-registry.sources.util')
187.036  023.886  000.620: require('mason-registry.sources.github')
191.244  000.413  000.413: require('mason-core.functional.number')
191.278  000.928  000.515: require('mason-lspconfig.api.command')
191.911  000.486  000.486: require('lspconfig')
192.414  000.497  000.497: require('lspconfig.configs.omnisharp')
192.902  000.407  000.407: require('mason-lspconfig.server_configurations.omnisharp')
193.863  000.595  000.595: require('lspconfig.manager')
194.453  000.579  000.579: require('lspconfig.configs.pylsp')
195.362  000.475  000.475: require('mason-lspconfig.server_configurations.pylsp')
196.014  000.544  000.544: require('lspconfig.configs.rust_analyzer')
198.676  000.584  000.584: require('lspconfig.configs.lua_ls')
223.098  000.489  000.489: require('lsp-zero.cmp-mapping')
223.670  079.758  032.931: sourcing C:\Users\usxxjc02\AppData\Local\nvim\after\plugin\lsp.lua
224.152  000.248  000.248: sourcing C:\Users\usxxjc02\AppData\Local\nvim\after\plugin\onedark.lua
225.281  000.878  000.878: require('telescope.builtin')
225.322  000.990  000.112: sourcing C:\Users\usxxjc02\AppData\Local\nvim\after\plugin\telescope.lua
232.539  000.608  000.608: require('nvim-treesitter.highlight')
232.582  007.099  006.491: sourcing C:\Users\usxxjc02\AppData\Local\nvim\after\plugin\treesitter.lua
232.810  000.073  000.073: sourcing C:\Users\usxxjc02\AppData\Local\nvim\after\plugin\undotree.lua
232.824  004.282: loading after plugins
232.854  000.030: inits 3
236.135  003.281: reading ShaDa
237.614  000.459  000.459: require('luasnip.util.directed_graph')
238.003  000.382  000.382: require('luasnip.session.enqueueable_operations')
238.014  001.443  000.603: require('luasnip.loaders.from_lua')
241.056  000.370  000.370: require('luasnip.util.events')
241.070  001.001  000.631: require('luasnip.nodes.node')
241.577  000.503  000.503: require('luasnip.nodes.insertNode')
241.986  000.402  000.402: require('luasnip.nodes.textNode')
242.415  000.423  000.423: require('luasnip.util.mark')
242.807  000.386  000.386: require('luasnip.util.pattern_tokenizer')
243.185  000.372  000.372: require('luasnip.util.dict')
245.948  002.362  002.362: require('luasnip.util.jsregexp')
245.956  002.764  000.402: require('luasnip.nodes.util.trig_engines')
246.003  006.749  000.898: require('luasnip.nodes.snippet')
246.009  007.121  000.372: require('luasnip.nodes.duplicate')
246.012  007.478  000.357: require('luasnip.loaders.snippet_cache')
246.022  008.002  000.524: require('luasnip.loaders.from_snipmate')
248.291  000.383  000.383: require('luasnip.util.parser.neovim_ast')
248.683  000.384  000.384: require('luasnip.util.str')
250.829  002.140  002.140: require('luasnip.util.jsregexp')
250.838  003.390  000.484: require('luasnip.util.parser.ast_utils')
251.243  000.402  000.402: require('luasnip.nodes.functionNode')
251.740  000.492  000.492: require('luasnip.nodes.choiceNode')
252.200  000.455  000.455: require('luasnip.nodes.dynamicNode')
252.560  000.355  000.355: require('luasnip.util.functions')
252.568  005.567  000.474: require('luasnip.util.parser.ast_parser')
253.051  000.480  000.480: require('luasnip.util.parser.neovim_parser')
253.082  006.488  000.441: require('luasnip.util.parser')
253.466  000.381  000.381: require('luasnip.nodes.snippetProxy')
253.979  000.506  000.506: require('luasnip.util.jsonc')
253.991  007.964  000.589: require('luasnip.loaders.from_vscode')
254.016  000.472: opening buffers
254.238  000.222: BufEnter autocommands
254.241  000.004: editing files in windows
254.840  000.452  000.452: require('mason-core.terminator')
278.017  000.834  000.834: require('mason-core.functional.type')


times in msec
 clock   self+sourced   self:  sourced script
 clock   elapsed:              other lines

000.013  000.013: --- NVIM STARTING ---
000.064  000.051: event init
000.178  000.114: early init
012.184  012.006: locale set
012.256  000.073: init first window
012.943  000.687: inits 1
013.028  000.085: window checked
013.039  000.011: parsing arguments
016.079  000.204  000.204: require('vim.shared')
016.536  000.178  000.178: require('vim._options')
016.541  000.455  000.277: require('vim._editor')
016.544  000.746  000.087: require('vim._init_packages')
016.556  002.771: init lua interpreter
034.383  017.827: expanding arguments
034.422  000.040: inits 2
034.884  000.461: init highlight
